<?xml version="1.0" encoding="UTF-8"?>
<!-- Generated by org.testng.reporters.JUnitReportReporter -->
<testsuite hostname="DESKTOP-49ARL3C" name="com.basic.Testinggoogle" tests="1" failures="0" timestamp="9 Jun 2019 03:53:55 GMT" time="2.194" errors="0">
  <testcase name="TestGoogle" time="2.194" classname="com.basic.Testinggoogle"/>
</testsuite> <!-- com.basic.Testinggoogle -->
